@storybook/cli v7.0.18

info => Cleaning outputDir: /storybook-static
info => Loading presets
info => Building manager..
info => Manager built (145 ms)
info => Copying static files: /Users/kazkiueda/Sources/github.com/themeaningof8/turborepo-next-basic/node_modules/.pnpm/@storybook+manager@7.0.18/node_modules/@storybook/manager/static at /Users/kazkiueda/Sources/github.com/themeaningof8/turborepo-next-basic/packages/ui/storybook-static/sb-common-assets
vite v4.3.9 building for production...

./sb-common-assets/fonts.css doesn't exist at build time, it will remain unchanged to be resolved at runtime
transforming...
Use of eval in "../../node_modules/.pnpm/telejson@7.1.0/node_modules/telejson/dist/index.mjs" is strongly discouraged as it poses security risks and may cause issues with minification.
Use of eval in "../../node_modules/.pnpm/telejson@7.1.0/node_modules/telejson/dist/index.mjs" is strongly discouraged as it poses security risks and may cause issues with minification.
✓ 1374 modules transformed.
rendering chunks...
computing gzip size...
storybook-static/assets/direction-94a9917f.svg                         1.28 kB │ gzip:   0.71 kB
storybook-static/assets/flow-275142c6.svg                              1.39 kB │ gzip:   0.68 kB
storybook-static/assets/code-brackets-9ef6443e.svg                     1.46 kB │ gzip:   0.69 kB
storybook-static/assets/comments-f15a6837.svg                          1.53 kB │ gzip:   0.70 kB
storybook-static/assets/repo-fb4ece47.svg                              1.64 kB │ gzip:   0.83 kB
storybook-static/assets/plugin-57148314.svg                            2.17 kB │ gzip:   0.98 kB
storybook-static/assets/stackalt-2ad81543.svg                          2.55 kB │ gzip:   1.09 kB
storybook-static/assets/colors-ac9401f3.svg                            8.51 kB │ gzip:   3.61 kB
storybook-static/iframe.html                                          12.72 kB │ gzip:   3.56 kB
storybook-static/assets/Header-a6911580.css                            0.51 kB │ gzip:   0.31 kB
storybook-static/assets/Button-bc1a867b.css                            0.52 kB │ gzip:   0.29 kB
storybook-static/assets/Page.stories-ece1482a.css                      0.93 kB │ gzip:   0.39 kB
storybook-static/assets/preview-1e5c59db.js                            0.19 kB │ gzip:   0.19 kB │ map:     0.56 kB
storybook-static/assets/index-d475d2ea.js                              0.21 kB │ gzip:   0.17 kB │ map:     0.83 kB
storybook-static/assets/index-186b3228.js                              0.25 kB │ gzip:   0.20 kB │ map:     0.10 kB
storybook-static/assets/WithTooltip-FBT32F6Q-032d1b94.js               0.42 kB │ gzip:   0.26 kB │ map:     0.11 kB
storybook-static/assets/syntaxhighlighter-QTQ2UBB4-47b271fc.js         0.44 kB │ gzip:   0.28 kB │ map:     0.12 kB
storybook-static/assets/index-1d576ef5.js                              0.53 kB │ gzip:   0.34 kB │ map:     4.29 kB
storybook-static/assets/preview-00d2fab6.js                            0.54 kB │ gzip:   0.33 kB │ map:     0.59 kB
storybook-static/assets/react-18-f58e807b.js                           0.59 kB │ gzip:   0.38 kB │ map:     2.66 kB
storybook-static/assets/preview-5ef354f3.js                            0.69 kB │ gzip:   0.49 kB │ map:     3.98 kB
storybook-static/assets/_commonjsHelpers-042e6b4d.js                   0.78 kB │ gzip:   0.44 kB │ map:     0.11 kB
storybook-static/assets/index-356e4a49.js                              0.81 kB │ gzip:   0.51 kB │ map:     3.25 kB
storybook-static/assets/preview-b1164a2e.js                            0.88 kB │ gzip:   0.58 kB │ map:     2.89 kB
storybook-static/assets/Header.stories-cb4fc4b5.js                     0.89 kB │ gzip:   0.48 kB │ map:     0.11 kB
storybook-static/assets/jsx-runtime-91a467a5.js                        1.02 kB │ gzip:   0.64 kB │ map:     2.27 kB
storybook-static/assets/Button-adfefb74.js                             1.23 kB │ gzip:   0.60 kB │ map:     1.45 kB
storybook-static/assets/DocsRenderer-EYKKDMVH-8b45d0f2.js              1.26 kB │ gzip:   0.69 kB │ map:     2.57 kB
storybook-static/assets/Header-5acc50a0.js                             1.56 kB │ gzip:   0.74 kB │ map:     2.73 kB
storybook-static/assets/Button.stories-67f17b5c.js                     1.59 kB │ gzip:   0.64 kB │ map:     0.13 kB
storybook-static/assets/preview-a60aa466.js                            2.40 kB │ gzip:   1.25 kB │ map:    11.04 kB
storybook-static/assets/index-d37d4223.js                              2.63 kB │ gzip:   1.30 kB │ map:     7.46 kB
storybook-static/assets/preview-770cc08b.js                            3.22 kB │ gzip:   1.39 kB │ map:    10.11 kB
storybook-static/assets/iframe-378aa7e1.js                             4.97 kB │ gzip:   1.74 kB │ map:     5.80 kB
storybook-static/assets/Introduction-65bed604.js                       6.65 kB │ gzip:   2.21 kB │ map:    10.99 kB
storybook-static/assets/index-8db94870.js                              7.21 kB │ gzip:   2.95 kB │ map:    15.66 kB
storybook-static/assets/preview-d8c963a4.js                            7.67 kB │ gzip:   1.60 kB │ map:    13.77 kB
storybook-static/assets/preview-2cd4e1a1.js                            8.00 kB │ gzip:   3.04 kB │ map:    28.17 kB
storybook-static/assets/index-3639c647.js                             10.06 kB │ gzip:   3.66 kB │ map:    26.61 kB
storybook-static/assets/GlobalScrollAreaStyles-XIHNDKUY-0ebad159.js   10.40 kB │ gzip:   2.33 kB │ map:    15.76 kB
storybook-static/assets/preview-bc596eab.js                           11.13 kB │ gzip:   3.76 kB │ map:    41.79 kB
storybook-static/assets/Color-3YIJY6X7-be1ba328.js                    31.03 kB │ gzip:  11.64 kB │ map:   112.49 kB
storybook-static/assets/OverlayScrollbars-VAV6LJAB-4f63de0f.js        58.97 kB │ gzip:  25.28 kB │ map:   277.49 kB
storybook-static/assets/index-80ae7d84.js                            212.55 kB │ gzip:  66.46 kB │ map:   649.15 kB
storybook-static/assets/config-db0a6a2e.js                           213.98 kB │ gzip:  66.66 kB │ map:   804.80 kB
storybook-static/assets/Page.stories-b88bf3c7.js                     288.47 kB │ gzip:  67.14 kB │ map: 1,015.57 kB
storybook-static/assets/index-95ca1fca.js                            502.73 kB │ gzip: 165.53 kB │ map: 1,440.27 kB
storybook-static/assets/formatter-S4K5WUZV-6cfe9bb0.js               601.61 kB │ gzip: 185.05 kB │ map: 1,314.31 kB

(!) Some chunks are larger than 500 kBs after minification. Consider:
- Using dynamic import() to code-split the application
- Use build.rollupOptions.output.manualChunks to improve chunking: https://rollupjs.org/configuration-options/#output-manualchunks
- Adjust chunk size limit for this warning via build.chunkSizeWarningLimit.
✓ built in 4.68s
info => Output directory: /Users/kazkiueda/Sources/github.com/themeaningof8/turborepo-next-basic/packages/ui/storybook-static
